2020-12-19 15:26:56 INFO     Beginning Interface initialization checks with Siemens S7 PLC
2020-12-19 15:26:56 INFO     Connecting to PLC
2020-12-19 15:26:56 INFO     Connected to PLC successfully
2020-12-19 15:26:56 INFO     Performing Read and Write Operations on PLC
2020-12-19 15:26:56 INFO     Performing Read/Write on Register : QX0.1
2020-12-19 15:26:56 INFO     Writing value : True to register QX0.1
2020-12-19 15:26:56 INFO     Value read from register QX0.1 is : True
2020-12-19 15:26:56 INFO     Writing value : False to register QX0.1
2020-12-19 15:26:56 INFO     Value read from register QX0.1 is : False
2020-12-19 15:26:56 INFO     Writing value : True to register QX0.1
2020-12-19 15:26:56 INFO     Value read from register QX0.1 is : True
2020-12-19 15:26:56 INFO     Writing value : False to register QX0.1
2020-12-19 15:26:56 INFO     Value read from register QX0.1 is : False
2020-12-19 15:26:57 INFO     Writing value : True to register QX0.1
2020-12-19 15:26:57 INFO     Value read from register QX0.1 is : True
2020-12-19 15:26:57 INFO     Read/Write on register QX0.1 completed with success rate : 100
2020-12-19 15:26:57 INFO     Read/Write on Register : QX0.1 Test....[PASSED]
2020-12-19 15:26:57 INFO     Performing Read/Write on Register : QX0.2
2020-12-19 15:26:57 INFO     Writing value : True to register QX0.2
2020-12-19 15:26:57 INFO     Value read from register QX0.2 is : True
2020-12-19 15:26:57 INFO     Writing value : False to register QX0.2
2020-12-19 15:26:57 INFO     Value read from register QX0.2 is : False
2020-12-19 15:26:57 INFO     Writing value : True to register QX0.2
2020-12-19 15:26:57 INFO     Value read from register QX0.2 is : True
2020-12-19 15:26:57 INFO     Writing value : False to register QX0.2
2020-12-19 15:26:57 INFO     Value read from register QX0.2 is : False
2020-12-19 15:26:57 INFO     Writing value : True to register QX0.2
2020-12-19 15:26:57 INFO     Value read from register QX0.2 is : True
2020-12-19 15:26:57 INFO     Read/Write on register QX0.2 completed with success rate : 100
2020-12-19 15:26:57 INFO     Read/Write on Register : QX0.2 Test....[PASSED]
2020-12-19 15:26:57 INFO     Performing Read/Write on Register : IX0.0
2020-12-19 15:27:01 INFO     Writing value : True to register IX0.0
2020-12-19 15:27:01 INFO     Value read from register IX0.0 is : False
2020-12-19 15:27:01 INFO     Writing value : False to register IX0.0
2020-12-19 15:27:01 INFO     Value read from register IX0.0 is : False
2020-12-19 15:27:02 INFO     Writing value : True to register IX0.0
2020-12-19 15:27:02 INFO     Value read from register IX0.0 is : False
2020-12-19 15:27:02 INFO     Writing value : False to register IX0.0
2020-12-19 15:27:02 INFO     Value read from register IX0.0 is : False
2020-12-19 15:27:02 INFO     Writing value : True to register IX0.0
2020-12-19 15:27:02 INFO     Value read from register IX0.0 is : False
2020-12-19 15:27:02 INFO     Read/Write on register IX0.0 completed with success rate : 40
2020-12-19 15:27:02 INFO     Read/Write on Register : IX0.0 Test....[FAILED]
2020-12-19 15:27:02 ERROR    Incoherency in read/write on register IX0.0. Potential issues could be issues on port on PLC. Please use PLC software to debug
2020-12-19 15:27:02 INFO     Performing Read/Write on Register : IX0.1
2020-12-19 15:27:03 INFO     Writing value : True to register IX0.1
2020-12-19 15:27:03 INFO     Value read from register IX0.1 is : True
2020-12-19 15:27:04 INFO     Writing value : False to register IX0.1
2020-12-19 15:27:04 INFO     Value read from register IX0.1 is : True
2020-12-19 15:27:04 INFO     Writing value : True to register IX0.1
2020-12-19 15:27:04 INFO     Value read from register IX0.1 is : True
2020-12-19 15:27:05 INFO     Writing value : False to register IX0.1
2020-12-19 15:27:05 INFO     Value read from register IX0.1 is : True
2020-12-19 15:27:05 INFO     Writing value : True to register IX0.1
2020-12-19 15:27:05 INFO     Value read from register IX0.1 is : True
2020-12-19 15:27:05 INFO     Read/Write on register IX0.1 completed with success rate : 60
2020-12-19 15:27:05 INFO     Read/Write on Register : IX0.1 Test....[FAILED]
2020-12-19 15:27:05 ERROR    Incoherency in read/write on register IX0.1. Potential issues could be issues on port on PLC. Please use PLC software to debug
2020-12-19 15:27:05 INFO     Performing Read/Write on Register : IX0.2
2020-12-19 15:27:05 INFO     Writing value : True to register IX0.2
2020-12-19 15:27:05 INFO     Value read from register IX0.2 is : True
2020-12-19 15:27:05 INFO     Writing value : False to register IX0.2
2020-12-19 15:27:05 INFO     Value read from register IX0.2 is : True
2020-12-19 15:27:06 INFO     Writing value : True to register IX0.2
2020-12-19 15:27:06 INFO     Value read from register IX0.2 is : True
2020-12-19 15:27:07 INFO     Writing value : False to register IX0.2
2020-12-19 15:27:07 INFO     Value read from register IX0.2 is : True
2020-12-19 15:27:07 INFO     Writing value : True to register IX0.2
2020-12-19 15:27:07 INFO     Value read from register IX0.2 is : True
2020-12-19 15:27:07 INFO     Read/Write on register IX0.2 completed with success rate : 60
2020-12-19 15:27:07 INFO     Read/Write on Register : IX0.2 Test....[FAILED]
2020-12-19 15:27:07 ERROR    Incoherency in read/write on register IX0.2. Potential issues could be issues on port on PLC. Please use PLC software to debug
2020-12-19 15:27:07 INFO     Performing Read/Write on Register : IX0.3
2020-12-19 15:27:09 INFO     Writing value : True to register IX0.3
2020-12-19 15:27:09 INFO     Value read from register IX0.3 is : True
2020-12-19 15:27:09 INFO     Writing value : False to register IX0.3
2020-12-19 15:27:09 INFO     Value read from register IX0.3 is : True
2020-12-19 15:27:10 INFO     Writing value : True to register IX0.3
2020-12-19 15:27:10 INFO     Value read from register IX0.3 is : True
2020-12-19 15:27:10 INFO     Writing value : False to register IX0.3
2020-12-19 15:27:10 INFO     Value read from register IX0.3 is : True
2020-12-19 15:27:10 INFO     Writing value : True to register IX0.3
2020-12-19 15:27:10 INFO     Value read from register IX0.3 is : True
2020-12-19 15:27:10 INFO     Read/Write on register IX0.3 completed with success rate : 60
2020-12-19 15:27:10 INFO     Read/Write on Register : IX0.3 Test....[FAILED]
2020-12-19 15:27:10 ERROR    Incoherency in read/write on register IX0.3. Potential issues could be issues on port on PLC. Please use PLC software to debug
2020-12-19 15:27:10 INFO     Performing Read/Write on Register : IX0.4
2020-12-19 15:27:10 INFO     Writing value : True to register IX0.4
2020-12-19 15:27:10 INFO     Value read from register IX0.4 is : False
2020-12-19 15:27:10 INFO     Writing value : False to register IX0.4
2020-12-19 15:27:10 INFO     Value read from register IX0.4 is : False
2020-12-19 15:27:11 INFO     Writing value : True to register IX0.4
2020-12-19 15:27:11 INFO     Value read from register IX0.4 is : False
2020-12-19 15:27:12 INFO     Writing value : False to register IX0.4
2020-12-19 15:27:12 INFO     Value read from register IX0.4 is : False
2020-12-19 15:27:12 INFO     Writing value : True to register IX0.4
2020-12-19 15:27:12 INFO     Value read from register IX0.4 is : False
2020-12-19 15:27:12 INFO     Read/Write on register IX0.4 completed with success rate : 40
2020-12-19 15:27:12 INFO     Read/Write on Register : IX0.4 Test....[FAILED]
2020-12-19 15:27:12 ERROR    Incoherency in read/write on register IX0.4. Potential issues could be issues on port on PLC. Please use PLC software to debug
2020-12-19 15:27:12 INFO     Performing Read/Write on Register : MD6.0
2020-12-19 15:27:12 INFO     Writing value : 1 to register MD6.0
2020-12-19 15:27:12 INFO     Value read from register MD6.0 is : 1
2020-12-19 15:27:12 INFO     Writing value : 2 to register MD6.0
2020-12-19 15:27:12 INFO     Value read from register MD6.0 is : 2
2020-12-19 15:27:12 INFO     Writing value : 3 to register MD6.0
2020-12-19 15:27:12 INFO     Value read from register MD6.0 is : 3
2020-12-19 15:27:12 INFO     Writing value : 4 to register MD6.0
2020-12-19 15:27:12 INFO     Value read from register MD6.0 is : 4
2020-12-19 15:27:12 INFO     Writing value : 5 to register MD6.0
2020-12-19 15:27:12 INFO     Value read from register MD6.0 is : 5
2020-12-19 15:27:12 INFO     Read/Write on register MD6.0 completed with success rate : 100
2020-12-19 15:27:12 INFO     Read/Write on Register : MD6.0 Test....[PASSED]
2020-12-19 15:27:12 INFO     Performing Read/Write on Register : MD10
2020-12-19 15:27:12 INFO     Writing value : 1 to register MD10
2020-12-19 15:27:13 INFO     Value read from register MD10 is : 1
2020-12-19 15:27:13 INFO     Writing value : 2 to register MD10
2020-12-19 15:27:13 INFO     Value read from register MD10 is : 2
2020-12-19 15:27:13 INFO     Writing value : 3 to register MD10
2020-12-19 15:27:13 INFO     Value read from register MD10 is : 3
2020-12-19 15:27:13 INFO     Writing value : 4 to register MD10
2020-12-19 15:27:13 INFO     Value read from register MD10 is : 4
2020-12-19 15:27:13 INFO     Writing value : 5 to register MD10
2020-12-19 15:27:13 INFO     Value read from register MD10 is : 5
2020-12-19 15:27:13 INFO     Read/Write on register MD10 completed with success rate : 100
2020-12-19 15:27:13 INFO     Read/Write on Register : MD10 Test....[PASSED]
2020-12-19 15:27:13 INFO     Performing Read/Write on Register : MD14
2020-12-19 15:27:13 INFO     Writing value : 1 to register MD14
2020-12-19 15:27:13 INFO     Value read from register MD14 is : 1
2020-12-19 15:27:13 INFO     Writing value : 2 to register MD14
2020-12-19 15:27:13 INFO     Value read from register MD14 is : 2
2020-12-19 15:27:13 INFO     Writing value : 3 to register MD14
2020-12-19 15:27:13 INFO     Value read from register MD14 is : 3
2020-12-19 15:27:13 INFO     Writing value : 4 to register MD14
2020-12-19 15:27:13 INFO     Value read from register MD14 is : 4
2020-12-19 15:27:13 INFO     Writing value : 5 to register MD14
2020-12-19 15:27:13 INFO     Value read from register MD14 is : 5
2020-12-19 15:27:13 INFO     Read/Write on register MD14 completed with success rate : 100
2020-12-19 15:27:13 INFO     Read/Write on Register : MD14 Test....[PASSED]
2020-12-19 15:27:13 INFO     Performing Read/Write on Register : MD18
2020-12-19 15:27:13 INFO     Writing value : 1 to register MD18
2020-12-19 15:27:13 INFO     Value read from register MD18 is : 1
2020-12-19 15:27:13 INFO     Writing value : 2 to register MD18
2020-12-19 15:27:13 INFO     Value read from register MD18 is : 2
2020-12-19 15:27:13 INFO     Writing value : 3 to register MD18
2020-12-19 15:27:13 INFO     Value read from register MD18 is : 3
2020-12-19 15:27:13 INFO     Writing value : 4 to register MD18
2020-12-19 15:27:13 INFO     Value read from register MD18 is : 4
2020-12-19 15:27:13 INFO     Writing value : 5 to register MD18
2020-12-19 15:27:13 INFO     Value read from register MD18 is : 5
2020-12-19 15:27:13 INFO     Read/Write on register MD18 completed with success rate : 100
2020-12-19 15:27:13 INFO     Read/Write on Register : MD18 Test....[PASSED]
2020-12-19 15:27:13 INFO     Completed PLC Interface checks
