Determining if the pthread_create exist failed with the following output:
Change Dir: /home/up/mw_seimens_s7_plc_interface/ros_plc_interface/build/CMakeFiles/CMakeTmp

Run Build Command:"/usr/bin/make" "cmTC_a82df/fast"
/usr/bin/make -f CMakeFiles/cmTC_a82df.dir/build.make CMakeFiles/cmTC_a82df.dir/build
make[1]: Entering directory '/home/up/mw_seimens_s7_plc_interface/ros_plc_interface/build/CMakeFiles/CMakeTmp'
Building C object CMakeFiles/cmTC_a82df.dir/CheckSymbolExists.c.o
/usr/bin/cc    -o CMakeFiles/cmTC_a82df.dir/CheckSymbolExists.c.o   -c /home/up/mw_seimens_s7_plc_interface/ros_plc_interface/build/CMakeFiles/CMakeTmp/CheckSymbolExists.c
Linking C executable cmTC_a82df
/usr/bin/cmake -E cmake_link_script CMakeFiles/cmTC_a82df.dir/link.txt --verbose=1
/usr/bin/cc      -rdynamic CMakeFiles/cmTC_a82df.dir/CheckSymbolExists.c.o  -o cmTC_a82df 
CMakeFiles/cmTC_a82df.dir/CheckSymbolExists.c.o: In function `main':
CheckSymbolExists.c:(.text+0x1b): undefined reference to `pthread_create'
collect2: error: ld returned 1 exit status
CMakeFiles/cmTC_a82df.dir/build.make:97: recipe for target 'cmTC_a82df' failed
make[1]: *** [cmTC_a82df] Error 1
make[1]: Leaving directory '/home/up/mw_seimens_s7_plc_interface/ros_plc_interface/build/CMakeFiles/CMakeTmp'
Makefile:126: recipe for target 'cmTC_a82df/fast' failed
make: *** [cmTC_a82df/fast] Error 2

File /home/up/mw_seimens_s7_plc_interface/ros_plc_interface/build/CMakeFiles/CMakeTmp/CheckSymbolExists.c:
/* */
#include <pthread.h>

int main(int argc, char** argv)
{
  (void)argv;
#ifndef pthread_create
  return ((int*)(&pthread_create))[argc];
#else
  (void)argc;
  return 0;
#endif
}

Determining if the function pthread_create exists in the pthreads failed with the following output:
Change Dir: /home/up/mw_seimens_s7_plc_interface/ros_plc_interface/build/CMakeFiles/CMakeTmp

Run Build Command:"/usr/bin/make" "cmTC_b8cd4/fast"
/usr/bin/make -f CMakeFiles/cmTC_b8cd4.dir/build.make CMakeFiles/cmTC_b8cd4.dir/build
make[1]: Entering directory '/home/up/mw_seimens_s7_plc_interface/ros_plc_interface/build/CMakeFiles/CMakeTmp'
Building C object CMakeFiles/cmTC_b8cd4.dir/CheckFunctionExists.c.o
/usr/bin/cc   -DCHECK_FUNCTION_EXISTS=pthread_create   -o CMakeFiles/cmTC_b8cd4.dir/CheckFunctionExists.c.o   -c /usr/share/cmake-3.10/Modules/CheckFunctionExists.c
Linking C executable cmTC_b8cd4
/usr/bin/cmake -E cmake_link_script CMakeFiles/cmTC_b8cd4.dir/link.txt --verbose=1
/usr/bin/cc  -DCHECK_FUNCTION_EXISTS=pthread_create    -rdynamic CMakeFiles/cmTC_b8cd4.dir/CheckFunctionExists.c.o  -o cmTC_b8cd4 -lpthreads 
/usr/bin/ld: cannot find -lpthreads
collect2: error: ld returned 1 exit status
CMakeFiles/cmTC_b8cd4.dir/build.make:97: recipe for target 'cmTC_b8cd4' failed
make[1]: *** [cmTC_b8cd4] Error 1
make[1]: Leaving directory '/home/up/mw_seimens_s7_plc_interface/ros_plc_interface/build/CMakeFiles/CMakeTmp'
Makefile:126: recipe for target 'cmTC_b8cd4/fast' failed
make: *** [cmTC_b8cd4/fast] Error 2


